<?xml version="1.0" encoding="UTF-8"?>
<testsuite name="com.bl.demo.UserRegistrationProblemTest" tests="1" skipped="0" failures="0" errors="0" timestamp="2020-04-21T04:13:34" hostname="DESKTOP-2TJPHRI" time="0.005">
  <properties/>
  <testcase name="givenPassword_WhenNotAtLeastOneUpperCase_ShouldReturnFalse" classname="com.bl.demo.UserRegistrationProblemTest" time="0.005"/>
  <system-out><![CDATA[]]></system-out>
  <system-err><![CDATA[]]></system-err>
</testsuite>
