<?xml version="1.0" encoding="UTF-8"?>
<testsuite name="com.bl.demo.UserRegistrationProblemTest" tests="1" skipped="0" failures="0" errors="0" timestamp="2020-04-20T18:26:59" hostname="DESKTOP-2TJPHRI" time="0.006">
  <properties/>
  <testcase name="givenLastName_WhenValid_ShouldReturnTrue" classname="com.bl.demo.UserRegistrationProblemTest" time="0.006"/>
  <system-out><![CDATA[]]></system-out>
  <system-err><![CDATA[]]></system-err>
</testsuite>
